L:\GIT_UP\SIM_CAR\SMICAR\DEBUG\SMICAR.DLL
L:\GIT_UP\SIM_CAR\SMICAR\DEBUG\SMICAR.EXE
L:\git_up\sim_car\smicar\Debug\smicar.exp
L:\GIT_UP\SIM_CAR\SMICAR\DEBUG\SMICAR.ILK
L:\git_up\sim_car\smicar\Debug\smicar.lib
L:\GIT_UP\SIM_CAR\SMICAR\DEBUG\SMICAR.PDB
L:\git_up\sim_car\smicar\smicar\Debug\cl.command.1.tlog
L:\git_up\sim_car\smicar\smicar\Debug\CL.read.1.tlog
L:\git_up\sim_car\smicar\smicar\Debug\CL.write.1.tlog
L:\GIT_UP\SIM_CAR\SMICAR\SMICAR\DEBUG\CREATE.OBJ
L:\GIT_UP\SIM_CAR\SMICAR\SMICAR\DEBUG\DEBUG.OBJ
L:\GIT_UP\SIM_CAR\SMICAR\SMICAR\DEBUG\ERROR.OBJ
L:\GIT_UP\SIM_CAR\SMICAR\SMICAR\DEBUG\ERROR_MESSAGE_NOT_GCC.OBJ
L:\GIT_UP\SIM_CAR\SMICAR\SMICAR\DEBUG\EVAL.OBJ
L:\GIT_UP\SIM_CAR\SMICAR\SMICAR\DEBUG\EXECUTE.OBJ
L:\GIT_UP\SIM_CAR\SMICAR\SMICAR\DEBUG\HEAP.OBJ
L:\GIT_UP\SIM_CAR\SMICAR\SMICAR\DEBUG\INTERFACE.OBJ
L:\GIT_UP\SIM_CAR\SMICAR\SMICAR\DEBUG\LEX.YY.OBJ
L:\git_up\sim_car\smicar\smicar\Debug\link.command.1.tlog
L:\git_up\sim_car\smicar\smicar\Debug\link.read.1.tlog
L:\git_up\sim_car\smicar\smicar\Debug\link.write.1.tlog
L:\GIT_UP\SIM_CAR\SMICAR\SMICAR\DEBUG\MAIN.OBJ
L:\GIT_UP\SIM_CAR\SMICAR\SMICAR\DEBUG\MEMORY.OBJ
L:\git_up\sim_car\smicar\smicar\Debug\mt.command.1.tlog
L:\git_up\sim_car\smicar\smicar\Debug\mt.read.1.tlog
L:\git_up\sim_car\smicar\smicar\Debug\mt.write.1.tlog
L:\GIT_UP\SIM_CAR\SMICAR\SMICAR\DEBUG\NATIVE.OBJ
L:\GIT_UP\SIM_CAR\SMICAR\SMICAR\DEBUG\SMICAR.DLL.INTERMEDIATE.MANIFEST
L:\git_up\sim_car\smicar\smicar\Debug\smicar.exe.intermediate.manifest
L:\git_up\sim_car\smicar\smicar\Debug\smicar.vcxprojResolveAssemblyReference.cache
L:\git_up\sim_car\smicar\smicar\Debug\smicar.write.1.tlog
L:\GIT_UP\SIM_CAR\SMICAR\SMICAR\DEBUG\STORAGE.OBJ
L:\GIT_UP\SIM_CAR\SMICAR\SMICAR\DEBUG\STRING.OBJ
L:\GIT_UP\SIM_CAR\SMICAR\SMICAR\DEBUG\UTIL.OBJ
L:\git_up\sim_car\smicar\smicar\Debug\vc100.idb
L:\GIT_UP\SIM_CAR\SMICAR\SMICAR\DEBUG\VC100.PDB
L:\GIT_UP\SIM_CAR\SMICAR\SMICAR\DEBUG\Y.TAB.OBJ
